2023-01-07 09:59:25.866  INFO 13298 --- [main] com.jiang.Springboot11LogApplication     : Starting Springboot11LogApplication using Java 1.8.0_352 on jiangronghuadeMacBook-Pro.local with PID 13298 (/Users/jiangronghua/workspace/code/java/springboot/springboot_11_log/target/classes started by jiangronghua in /Users/jiangronghua/workspace/code/java/springboot)
2023-01-07 09:59:25.868  INFO 13298 --- [main] com.jiang.Springboot11LogApplication     : No active profile set, falling back to 1 default profile: "default"
2023-01-07 09:59:26.648  INFO 13298 --- [main] o.s.b.w.embedded.tomcat.TomcatWebServer  : Tomcat initialized with port(s): 80 (http)
2023-01-07 09:59:26.654  INFO 13298 --- [main] o.apache.catalina.core.StandardService   : Starting service [Tomcat]
2023-01-07 09:59:26.654  INFO 13298 --- [main] org.apache.catalina.core.StandardEngine  : Starting Servlet engine: [Apache Tomcat/9.0.70]
2023-01-07 09:59:26.736  INFO 13298 --- [main] o.a.c.c.C.[Tomcat].[localhost].[/]       : Initializing Spring embedded WebApplicationContext
2023-01-07 09:59:26.736  INFO 13298 --- [main] w.s.c.ServletWebServerApplicationContext : Root WebApplicationContext: initialization completed in 827 ms
2023-01-07 09:59:27.100  INFO 13298 --- [main] o.s.b.w.embedded.tomcat.TomcatWebServer  : Tomcat started on port(s): 80 (http) with context path ''
2023-01-07 09:59:27.115  INFO 13298 --- [main] com.jiang.Springboot11LogApplication     : Started Springboot11LogApplication in 1.631 seconds (JVM running for 2.278)
2023-01-07 09:59:31.018  INFO 13298 --- [http-nio-80-exec-1] o.a.c.c.C.[Tomcat].[localhost].[/]       : Initializing Spring DispatcherServlet 'dispatcherServlet'
2023-01-07 09:59:31.019  INFO 13298 --- [http-nio-80-exec-1] o.s.web.servlet.DispatcherServlet        : Initializing Servlet 'dispatcherServlet'
2023-01-07 09:59:31.021  INFO 13298 --- [http-nio-80-exec-1] o.s.web.servlet.DispatcherServlet        : Completed initialization in 2 ms
2023-01-07 09:59:31.042  WARN 13298 --- [http-nio-80-exec-1] com.jiang.controller.BookController      : warn...
2023-01-07 09:59:31.043 ERROR 13298 --- [http-nio-80-exec-1] com.jiang.controller.BookController      : error....
2023-01-07 09:59:45.218  WARN 13298 --- [http-nio-80-exec-2] com.jiang.controller.BookController      : warn...
2023-01-07 09:59:45.218 ERROR 13298 --- [http-nio-80-exec-2] com.jiang.controller.BookController      : error....
2023-01-07 09:59:45.973  WARN 13298 --- [http-nio-80-exec-3] com.jiang.controller.BookController      : warn...
2023-01-07 09:59:45.977 ERROR 13298 --- [http-nio-80-exec-3] com.jiang.controller.BookController      : error....
2023-01-07 09:59:46.621  WARN 13298 --- [http-nio-80-exec-4] com.jiang.controller.BookController      : warn...
2023-01-07 09:59:46.622 ERROR 13298 --- [http-nio-80-exec-4] com.jiang.controller.BookController      : error....
2023-01-07 09:59:47.157  WARN 13298 --- [http-nio-80-exec-5] com.jiang.controller.BookController      : warn...
2023-01-07 09:59:47.158 ERROR 13298 --- [http-nio-80-exec-5] com.jiang.controller.BookController      : error....
2023-01-07 09:59:47.539  WARN 13298 --- [http-nio-80-exec-6] com.jiang.controller.BookController      : warn...
2023-01-07 09:59:47.540 ERROR 13298 --- [http-nio-80-exec-6] com.jiang.controller.BookController      : error....
2023-01-07 09:59:48.015  WARN 13298 --- [http-nio-80-exec-7] com.jiang.controller.BookController      : warn...
2023-01-07 09:59:48.018 ERROR 13298 --- [http-nio-80-exec-7] com.jiang.controller.BookController      : error....
2023-01-07 09:59:48.251  WARN 13298 --- [http-nio-80-exec-8] com.jiang.controller.BookController      : warn...
2023-01-07 09:59:48.252 ERROR 13298 --- [http-nio-80-exec-8] com.jiang.controller.BookController      : error....
2023-01-07 09:59:48.504  WARN 13298 --- [http-nio-80-exec-9] com.jiang.controller.BookController      : warn...
2023-01-07 09:59:48.505 ERROR 13298 --- [http-nio-80-exec-9] com.jiang.controller.BookController      : error....
2023-01-07 09:59:48.736  WARN 13298 --- [http-nio-80-exec-10] com.jiang.controller.BookController      : warn...
2023-01-07 09:59:48.737 ERROR 13298 --- [http-nio-80-exec-10] com.jiang.controller.BookController      : error....
2023-01-07 09:59:49.306  WARN 13298 --- [http-nio-80-exec-1] com.jiang.controller.BookController      : warn...
2023-01-07 09:59:49.307 ERROR 13298 --- [http-nio-80-exec-1] com.jiang.controller.BookController      : error....
2023-01-07 09:59:49.518  WARN 13298 --- [http-nio-80-exec-2] com.jiang.controller.BookController      : warn...
2023-01-07 09:59:49.519 ERROR 13298 --- [http-nio-80-exec-2] com.jiang.controller.BookController      : error....
2023-01-07 09:59:49.718  WARN 13298 --- [http-nio-80-exec-3] com.jiang.controller.BookController      : warn...
2023-01-07 09:59:49.718 ERROR 13298 --- [http-nio-80-exec-3] com.jiang.controller.BookController      : error....
2023-01-07 09:59:49.920  WARN 13298 --- [http-nio-80-exec-4] com.jiang.controller.BookController      : warn...
2023-01-07 09:59:49.920 ERROR 13298 --- [http-nio-80-exec-4] com.jiang.controller.BookController      : error....
2023-01-07 09:59:50.117  WARN 13298 --- [http-nio-80-exec-5] com.jiang.controller.BookController      : warn...
2023-01-07 09:59:50.118 ERROR 13298 --- [http-nio-80-exec-5] com.jiang.controller.BookController      : error....
2023-01-07 09:59:50.312  WARN 13298 --- [http-nio-80-exec-6] com.jiang.controller.BookController      : warn...
2023-01-07 09:59:50.314 ERROR 13298 --- [http-nio-80-exec-6] com.jiang.controller.BookController      : error....
2023-01-07 09:59:50.472  WARN 13298 --- [http-nio-80-exec-7] com.jiang.controller.BookController      : warn...
2023-01-07 09:59:50.473 ERROR 13298 --- [http-nio-80-exec-7] com.jiang.controller.BookController      : error....
2023-01-07 09:59:50.651  WARN 13298 --- [http-nio-80-exec-8] com.jiang.controller.BookController      : warn...
2023-01-07 09:59:50.651 ERROR 13298 --- [http-nio-80-exec-8] com.jiang.controller.BookController      : error....
2023-01-07 09:59:50.833  WARN 13298 --- [http-nio-80-exec-9] com.jiang.controller.BookController      : warn...
2023-01-07 09:59:50.835 ERROR 13298 --- [http-nio-80-exec-9] com.jiang.controller.BookController      : error....
2023-01-07 09:59:51.000  WARN 13298 --- [http-nio-80-exec-10] com.jiang.controller.BookController      : warn...
2023-01-07 09:59:51.000 ERROR 13298 --- [http-nio-80-exec-10] com.jiang.controller.BookController      : error....
2023-01-07 09:59:51.183  WARN 13298 --- [http-nio-80-exec-1] com.jiang.controller.BookController      : warn...
2023-01-07 09:59:51.183 ERROR 13298 --- [http-nio-80-exec-1] com.jiang.controller.BookController      : error....
2023-01-07 09:59:51.351  WARN 13298 --- [http-nio-80-exec-2] com.jiang.controller.BookController      : warn...
2023-01-07 09:59:51.352 ERROR 13298 --- [http-nio-80-exec-2] com.jiang.controller.BookController      : error....
2023-01-07 10:03:05.778  INFO 14203 --- [main] com.jiang.Springboot11LogApplication     : Starting Springboot11LogApplication using Java 1.8.0_352 on jiangronghuadeMacBook-Pro.local with PID 14203 (/Users/jiangronghua/workspace/code/java/springboot/springboot_11_log/target/classes started by jiangronghua in /Users/jiangronghua/workspace/code/java/springboot)
2023-01-07 10:03:05.780  INFO 14203 --- [main] com.jiang.Springboot11LogApplication     : No active profile set, falling back to 1 default profile: "default"
