2023-01-07 10:03:06.590  INFO 14203 --- [main] o.s.b.w.embedded.tomcat.TomcatWebServer  : Tomcat initialized with port(s): 80 (http)
2023-01-07 10:03:06.600  INFO 14203 --- [main] o.apache.catalina.core.StandardService   : Starting service [Tomcat]
2023-01-07 10:03:06.600  INFO 14203 --- [main] org.apache.catalina.core.StandardEngine  : Starting Servlet engine: [Apache Tomcat/9.0.70]
2023-01-07 10:03:06.678  INFO 14203 --- [main] o.a.c.c.C.[Tomcat].[localhost].[/]       : Initializing Spring embedded WebApplicationContext
2023-01-07 10:03:06.678  INFO 14203 --- [main] w.s.c.ServletWebServerApplicationContext : Root WebApplicationContext: initialization completed in 857 ms
2023-01-07 10:03:07.024  INFO 14203 --- [main] o.s.b.w.embedded.tomcat.TomcatWebServer  : Tomcat started on port(s): 80 (http) with context path ''
2023-01-07 10:03:07.042  INFO 14203 --- [main] com.jiang.Springboot11LogApplication     : Started Springboot11LogApplication in 1.666 seconds (JVM running for 2.383)
2023-01-07 10:03:10.578  INFO 14203 --- [http-nio-80-exec-1] o.a.c.c.C.[Tomcat].[localhost].[/]       : Initializing Spring DispatcherServlet 'dispatcherServlet'
2023-01-07 10:03:10.581  INFO 14203 --- [http-nio-80-exec-1] o.s.web.servlet.DispatcherServlet        : Initializing Servlet 'dispatcherServlet'
2023-01-07 10:03:10.583  INFO 14203 --- [http-nio-80-exec-1] o.s.web.servlet.DispatcherServlet        : Completed initialization in 1 ms
2023-01-07 10:03:10.603  WARN 14203 --- [http-nio-80-exec-1] com.jiang.controller.BookController      : warn...
2023-01-07 10:03:10.603 ERROR 14203 --- [http-nio-80-exec-1] com.jiang.controller.BookController      : error....
2023-01-07 10:03:11.879  WARN 14203 --- [http-nio-80-exec-2] com.jiang.controller.BookController      : warn...
2023-01-07 10:03:11.882 ERROR 14203 --- [http-nio-80-exec-2] com.jiang.controller.BookController      : error....
2023-01-07 10:03:12.530  WARN 14203 --- [http-nio-80-exec-3] com.jiang.controller.BookController      : warn...
2023-01-07 10:03:12.532 ERROR 14203 --- [http-nio-80-exec-3] com.jiang.controller.BookController      : error....
2023-01-07 10:03:12.703  WARN 14203 --- [http-nio-80-exec-4] com.jiang.controller.BookController      : warn...
2023-01-07 10:03:12.704 ERROR 14203 --- [http-nio-80-exec-4] com.jiang.controller.BookController      : error....
2023-01-07 10:03:12.868  WARN 14203 --- [http-nio-80-exec-5] com.jiang.controller.BookController      : warn...
2023-01-07 10:03:12.873 ERROR 14203 --- [http-nio-80-exec-5] com.jiang.controller.BookController      : error....
2023-01-07 10:03:13.039  WARN 14203 --- [http-nio-80-exec-6] com.jiang.controller.BookController      : warn...
2023-01-07 10:03:13.040 ERROR 14203 --- [http-nio-80-exec-6] com.jiang.controller.BookController      : error....
2023-01-07 10:03:13.205  WARN 14203 --- [http-nio-80-exec-7] com.jiang.controller.BookController      : warn...
2023-01-07 10:03:13.208 ERROR 14203 --- [http-nio-80-exec-7] com.jiang.controller.BookController      : error....
2023-01-07 10:03:13.368  WARN 14203 --- [http-nio-80-exec-8] com.jiang.controller.BookController      : warn...
2023-01-07 10:03:13.369 ERROR 14203 --- [http-nio-80-exec-8] com.jiang.controller.BookController      : error....
2023-01-07 10:03:13.705  WARN 14203 --- [http-nio-80-exec-9] com.jiang.controller.BookController      : warn...
2023-01-07 10:03:13.707 ERROR 14203 --- [http-nio-80-exec-9] com.jiang.controller.BookController      : error....
2023-01-07 10:03:13.867  WARN 14203 --- [http-nio-80-exec-10] com.jiang.controller.BookController      : warn...
2023-01-07 10:03:13.869 ERROR 14203 --- [http-nio-80-exec-10] com.jiang.controller.BookController      : error....
2023-01-07 10:03:14.034  WARN 14203 --- [http-nio-80-exec-1] com.jiang.controller.BookController      : warn...
2023-01-07 10:03:14.034 ERROR 14203 --- [http-nio-80-exec-1] com.jiang.controller.BookController      : error....
2023-01-07 10:03:14.200  WARN 14203 --- [http-nio-80-exec-2] com.jiang.controller.BookController      : warn...
2023-01-07 10:03:14.200 ERROR 14203 --- [http-nio-80-exec-2] com.jiang.controller.BookController      : error....
2023-01-07 10:03:14.366  WARN 14203 --- [http-nio-80-exec-3] com.jiang.controller.BookController      : warn...
